D:\Programming\C\Eco.Lab1\AssemblyFiles\Windows\VisualStudio_10\Eco.Lab1\DynamicDebug\1F5DF16EE1BF43B999A434ED38FE8F3A.dll.intermediate.manifest
D:\Programming\C\Eco.Lab1\AssemblyFiles\Windows\VisualStudio_10\Eco.Lab1\DynamicDebug\1F5DF16EE1BF43B999A434ED38FE8F3A.exp
D:\Programming\C\Eco.Lab1\AssemblyFiles\Windows\VisualStudio_10\Eco.Lab1\DynamicDebug\1F5DF16EE1BF43B999A434ED38FE8F3A.pdb
D:\Programming\C\Eco.Lab1\AssemblyFiles\Windows\VisualStudio_10\Eco.Lab1\DynamicDebug\CEcoLab1.obj
D:\Programming\C\Eco.Lab1\AssemblyFiles\Windows\VisualStudio_10\Eco.Lab1\DynamicDebug\CEcoLab1ConnectionPoint.obj
D:\Programming\C\Eco.Lab1\AssemblyFiles\Windows\VisualStudio_10\Eco.Lab1\DynamicDebug\CEcoLab1EnumConnectionPoints.obj
D:\Programming\C\Eco.Lab1\AssemblyFiles\Windows\VisualStudio_10\Eco.Lab1\DynamicDebug\CEcoLab1EnumConnections.obj
D:\Programming\C\Eco.Lab1\AssemblyFiles\Windows\VisualStudio_10\Eco.Lab1\DynamicDebug\CEcoLab1Factory.obj
D:\Programming\C\Eco.Lab1\AssemblyFiles\Windows\VisualStudio_10\Eco.Lab1\DynamicDebug\cl.command.1.tlog
D:\Programming\C\Eco.Lab1\AssemblyFiles\Windows\VisualStudio_10\Eco.Lab1\DynamicDebug\CL.read.1.tlog
D:\Programming\C\Eco.Lab1\AssemblyFiles\Windows\VisualStudio_10\Eco.Lab1\DynamicDebug\CL.write.1.tlog
D:\Programming\C\Eco.Lab1\AssemblyFiles\Windows\VisualStudio_10\Eco.Lab1\DynamicDebug\Eco.Lab1.write.1.tlog
D:\Programming\C\Eco.Lab1\AssemblyFiles\Windows\VisualStudio_10\Eco.Lab1\DynamicDebug\link.command.1.tlog
D:\Programming\C\Eco.Lab1\AssemblyFiles\Windows\VisualStudio_10\Eco.Lab1\DynamicDebug\link.read.1.tlog
D:\Programming\C\Eco.Lab1\AssemblyFiles\Windows\VisualStudio_10\Eco.Lab1\DynamicDebug\link.write.1.tlog
D:\Programming\C\Eco.Lab1\AssemblyFiles\Windows\VisualStudio_10\Eco.Lab1\DynamicDebug\mt.command.1.tlog
D:\Programming\C\Eco.Lab1\AssemblyFiles\Windows\VisualStudio_10\Eco.Lab1\DynamicDebug\mt.read.1.tlog
D:\Programming\C\Eco.Lab1\AssemblyFiles\Windows\VisualStudio_10\Eco.Lab1\DynamicDebug\mt.write.1.tlog
D:\Programming\C\Eco.Lab1\AssemblyFiles\Windows\VisualStudio_10\Eco.Lab1\DynamicDebug\vc100.idb
D:\Programming\C\Eco.Lab1\AssemblyFiles\Windows\VisualStudio_10\Eco.Lab1\DynamicDebug\vc100.pdb
D:\PROGRAMMING\C\ECOLAB3\ASSEMBLYFILES\WINDOWS\VISUALSTUDIO_10\ECO.LAB1\DYNAMICDEBUG\1F5DF16EE1BF43B999A434ED38FE8F3A.DLL.INTERMEDIATE.MANIFEST
D:\Programming\C\EcoLab3\AssemblyFiles\Windows\VisualStudio_10\Eco.Lab1\DynamicDebug\1F5DF16EE1BF43B999A434ED38FE8F3A.exp
D:\Programming\C\EcoLab3\AssemblyFiles\Windows\VisualStudio_10\Eco.Lab1\DynamicDebug\1F5DF16EE1BF43B999A434ED38FE8F3A.lib
D:\PROGRAMMING\C\ECOLAB3\ASSEMBLYFILES\WINDOWS\VISUALSTUDIO_10\ECO.LAB1\DYNAMICDEBUG\1F5DF16EE1BF43B999A434ED38FE8F3A.PDB
D:\PROGRAMMING\C\ECOLAB3\ASSEMBLYFILES\WINDOWS\VISUALSTUDIO_10\ECO.LAB1\DYNAMICDEBUG\CECOLAB1.OBJ
D:\PROGRAMMING\C\ECOLAB3\ASSEMBLYFILES\WINDOWS\VISUALSTUDIO_10\ECO.LAB1\DYNAMICDEBUG\CECOLAB1CONNECTIONPOINT.OBJ
D:\PROGRAMMING\C\ECOLAB3\ASSEMBLYFILES\WINDOWS\VISUALSTUDIO_10\ECO.LAB1\DYNAMICDEBUG\CECOLAB1ENUMCONNECTIONPOINTS.OBJ
D:\PROGRAMMING\C\ECOLAB3\ASSEMBLYFILES\WINDOWS\VISUALSTUDIO_10\ECO.LAB1\DYNAMICDEBUG\CECOLAB1ENUMCONNECTIONS.OBJ
D:\PROGRAMMING\C\ECOLAB3\ASSEMBLYFILES\WINDOWS\VISUALSTUDIO_10\ECO.LAB1\DYNAMICDEBUG\CECOLAB1FACTORY.OBJ
D:\PROGRAMMING\C\ECOLAB3\ASSEMBLYFILES\WINDOWS\VISUALSTUDIO_10\ECO.LAB1\DYNAMICDEBUG\VC100.PDB
D:\PROGRAMMING\C\ECOLAB3\BUILDFILES\WINDOWS\X86\DYNAMICDEBUG\1F5DF16EE1BF43B999A434ED38FE8F3A.DLL
D:\PROGRAMMING\C\ECOLAB3\BUILDFILES\WINDOWS\X86\DYNAMICDEBUG\1F5DF16EE1BF43B999A434ED38FE8F3A.ILK
